<?xml version="1.0" encoding="UTF-8"?>
<testsuite name="SCD2_2021_Exam.CacheTest" tests="8" skipped="0" failures="0" errors="0" timestamp="2021-06-18T22:33:21" hostname="Hetushs-MBP.Dlink" time="0.619">
  <properties/>
  <testcase name="getOldtestTwo" classname="SCD2_2021_Exam.CacheTest" time="0.605"/>
  <testcase name="getNewTest" classname="SCD2_2021_Exam.CacheTest" time="0.002"/>
  <testcase name="getDateValuesTest" classname="SCD2_2021_Exam.CacheTest" time="0.002"/>
  <testcase name="getNewTestTwo" classname="SCD2_2021_Exam.CacheTest" time="0.002"/>
  <testcase name="getDateValuesTestTwo" classname="SCD2_2021_Exam.CacheTest" time="0.002"/>
  <testcase name="getOldTest" classname="SCD2_2021_Exam.CacheTest" time="0.001"/>
  <testcase name="dateExistsTest" classname="SCD2_2021_Exam.CacheTest" time="0.002"/>
  <testcase name="dateExistsTestTwo" classname="SCD2_2021_Exam.CacheTest" time="0.003"/>
  <system-out><![CDATA[]]></system-out>
  <system-err><![CDATA[]]></system-err>
</testsuite>
